<?xml version="1.0" encoding="UTF-8"?>
<coverage generated="1733088199415" clover="3.2.0">
  <project timestamp="1733088199415" name="All files">
    <metrics statements="18" coveredstatements="18" conditionals="5" coveredconditionals="4" methods="5" coveredmethods="5" elements="28" coveredelements="27" complexity="0" loc="18" ncloc="18" packages="1" files="1" classes="1"/>
    <file name="Navbar.tsx" path="C:\Users\miras\OneDrive\Desktop\reco-sphere\frontend\src\components\Navbar.tsx">
      <metrics statements="18" coveredstatements="18" conditionals="5" coveredconditionals="4" methods="5" coveredmethods="5"/>
      <line num="1" count="1" type="stmt"/>
      <line num="2" count="1" type="stmt"/>
      <line num="4" count="1" type="stmt"/>
      <line num="5" count="7" type="stmt"/>
      <line num="6" count="6" type="stmt"/>
      <line num="8" count="6" type="stmt"/>
      <line num="9" count="1" type="stmt"/>
      <line num="12" count="6" type="stmt"/>
      <line num="13" count="2" type="cond" truecount="2" falsecount="0"/>
      <line num="14" count="1" type="stmt"/>
      <line num="15" count="1" type="stmt"/>
      <line num="17" count="1" type="stmt"/>
      <line num="21" count="6" type="stmt"/>
      <line num="22" count="4" type="stmt"/>
      <line num="23" count="4" type="stmt"/>
      <line num="24" count="4" type="stmt"/>
      <line num="28" count="6" type="stmt"/>
      <line num="105" count="1" type="stmt"/>
    </file>
  </project>
</coverage>
