{"C:\\Users\\miras\\OneDrive\\Desktop\\reco-sphere\\backend\\models\\Content.js": {"path":"C:\\Users\\miras\\OneDrive\\Desktop\\reco-sphere\\backend\\models\\Content.js","statementMap":{"0":{"start":{"line":3,"column":22},"end":{"line":47,"column":1}},"1":{"start":{"line":22,"column":10},"end":{"line":22,"column":34}},"2":{"start":{"line":50,"column":0},"end":{"line":50,"column":44}},"3":{"start":{"line":52,"column":16},"end":{"line":52,"column":56}}},"fnMap":{"0":{"name":"(anonymous_0)","decl":{"start":{"line":21,"column":19},"end":{"line":21,"column":20}},"loc":{"start":{"line":21,"column":36},"end":{"line":23,"column":9}},"line":21}},"branchMap":{},"s":{"0":1,"1":1,"2":1,"3":1},"f":{"0":1},"b":{},"inputSourceMap":null,"_coverageSchema":"1a1c01bbd47fc00a2c39e90264f33305004495a9","hash":"1be613fc9586ab806db5123a5d4bb41dbcc63482"}
,"C:\\Users\\miras\\OneDrive\\Desktop\\reco-sphere\\backend\\models\\Recommendation.js": {"path":"C:\\Users\\miras\\OneDrive\\Desktop\\reco-sphere\\backend\\models\\Recommendation.js","statementMap":{"0":{"start":{"line":3,"column":29},"end":{"line":40,"column":24}},"1":{"start":{"line":43,"column":0},"end":{"line":43,"column":74}},"2":{"start":{"line":45,"column":23},"end":{"line":45,"column":77}}},"fnMap":{},"branchMap":{},"s":{"0":1,"1":1,"2":1},"f":{},"b":{},"inputSourceMap":null,"_coverageSchema":"1a1c01bbd47fc00a2c39e90264f33305004495a9","hash":"124431412fefe030c9819feb5010be46d4d64d9d"}
,"C:\\Users\\miras\\OneDrive\\Desktop\\reco-sphere\\backend\\models\\User.js": {"path":"C:\\Users\\miras\\OneDrive\\Desktop\\reco-sphere\\backend\\models\\User.js","statementMap":{"0":{"start":{"line":3,"column":19},"end":{"line":45,"column":1}},"1":{"start":{"line":18,"column":10},"end":{"line":18,"column":41}},"2":{"start":{"line":28,"column":10},"end":{"line":28,"column":63}},"3":{"start":{"line":28,"column":37},"end":{"line":28,"column":61}},"4":{"start":{"line":38,"column":10},"end":{"line":38,"column":59}},"5":{"start":{"line":38,"column":35},"end":{"line":38,"column":57}},"6":{"start":{"line":47,"column":13},"end":{"line":47,"column":47}}},"fnMap":{"0":{"name":"(anonymous_0)","decl":{"start":{"line":17,"column":19},"end":{"line":17,"column":20}},"loc":{"start":{"line":17,"column":36},"end":{"line":19,"column":9}},"line":17},"1":{"name":"(anonymous_1)","decl":{"start":{"line":27,"column":19},"end":{"line":27,"column":20}},"loc":{"start":{"line":27,"column":34},"end":{"line":29,"column":9}},"line":27},"2":{"name":"(anonymous_2)","decl":{"start":{"line":28,"column":27},"end":{"line":28,"column":28}},"loc":{"start":{"line":28,"column":37},"end":{"line":28,"column":61}},"line":28},"3":{"name":"(anonymous_3)","decl":{"start":{"line":37,"column":19},"end":{"line":37,"column":20}},"loc":{"start":{"line":37,"column":34},"end":{"line":39,"column":9}},"line":37},"4":{"name":"(anonymous_4)","decl":{"start":{"line":38,"column":27},"end":{"line":38,"column":28}},"loc":{"start":{"line":38,"column":35},"end":{"line":38,"column":57}},"line":38}},"branchMap":{},"s":{"0":1,"1":3,"2":3,"3":6,"4":3,"5":6,"6":1},"f":{"0":3,"1":3,"2":6,"3":3,"4":6},"b":{},"inputSourceMap":null,"_coverageSchema":"1a1c01bbd47fc00a2c39e90264f33305004495a9","hash":"33ac8cf128b48fa49e3991c5fd1e4ffbbf2d3761"}
}
