<?xml version="1.0" encoding="UTF-8"?>
<coverage generated="1733129285764" clover="3.2.0">
  <project timestamp="1733129285764" name="All files">
    <metrics statements="12" coveredstatements="12" conditionals="0" coveredconditionals="0" methods="6" coveredmethods="6" elements="18" coveredelements="18" complexity="0" loc="12" ncloc="12" packages="1" files="3" classes="3"/>
    <file name="Content.js" path="C:\Users\miras\OneDrive\Desktop\reco-sphere\server\models\Content.js">
      <metrics statements="4" coveredstatements="4" conditionals="0" coveredconditionals="0" methods="1" coveredmethods="1"/>
      <line num="3" count="1" type="stmt"/>
      <line num="22" count="1" type="stmt"/>
      <line num="50" count="1" type="stmt"/>
      <line num="52" count="1" type="stmt"/>
    </file>
    <file name="Recommendation.js" path="C:\Users\miras\OneDrive\Desktop\reco-sphere\server\models\Recommendation.js">
      <metrics statements="3" coveredstatements="3" conditionals="0" coveredconditionals="0" methods="0" coveredmethods="0"/>
      <line num="3" count="1" type="stmt"/>
      <line num="46" count="1" type="stmt"/>
      <line num="48" count="1" type="stmt"/>
    </file>
    <file name="User.js" path="C:\Users\miras\OneDrive\Desktop\reco-sphere\server\models\User.js">
      <metrics statements="5" coveredstatements="5" conditionals="0" coveredconditionals="0" methods="5" coveredmethods="5"/>
      <line num="3" count="1" type="stmt"/>
      <line num="18" count="3" type="stmt"/>
      <line num="28" count="6" type="stmt"/>
      <line num="38" count="6" type="stmt"/>
      <line num="47" count="1" type="stmt"/>
    </file>
  </project>
</coverage>
