{
  "C:\\Users\\miras\\OneDrive\\Desktop\\reco-sphere\\server\\graphql\\schema.js": {
    "path": "C:\\Users\\miras\\OneDrive\\Desktop\\reco-sphere\\server\\graphql\\schema.js",
    "statementMap": {
      "0": {
        "start": { "line": 36, "column": 17 },
        "end": { "line": 62, "column": 1 }
      },
      "1": {
        "start": { "line": 64, "column": 18 },
        "end": { "line": 134, "column": 1 }
      },
      "2": {
        "start": { "line": 68, "column": 6 },
        "end": { "line": 74, "column": 7 }
      },
      "3": {
        "start": { "line": 69, "column": 22 },
        "end": { "line": 69, "column": 59 }
      },
      "4": {
        "start": { "line": 70, "column": 8 },
        "end": { "line": 70, "column": 21 }
      },
      "5": {
        "start": { "line": 72, "column": 8 },
        "end": { "line": 72, "column": 62 }
      },
      "6": {
        "start": { "line": 73, "column": 8 },
        "end": { "line": 73, "column": 50 }
      },
      "7": {
        "start": { "line": 79, "column": 6 },
        "end": { "line": 87, "column": 7 }
      },
      "8": {
        "start": { "line": 80, "column": 21 },
        "end": { "line": 80, "column": 64 }
      },
      "9": {
        "start": { "line": 81, "column": 8 },
        "end": { "line": 83, "column": 9 }
      },
      "10": {
        "start": { "line": 82, "column": 10 },
        "end": { "line": 82, "column": 45 }
      },
      "11": {
        "start": { "line": 84, "column": 8 },
        "end": { "line": 84, "column": 20 }
      },
      "12": {
        "start": { "line": 86, "column": 8 },
        "end": { "line": 86, "column": 43 }
      },
      "13": {
        "start": { "line": 94, "column": 40 },
        "end": { "line": 94, "column": 45 }
      },
      "14": {
        "start": { "line": 97, "column": 6 },
        "end": { "line": 99, "column": 7 }
      },
      "15": {
        "start": { "line": 98, "column": 8 },
        "end": { "line": 98, "column": 52 }
      },
      "16": {
        "start": { "line": 102, "column": 27 },
        "end": { "line": 102, "column": 56 }
      },
      "17": {
        "start": { "line": 103, "column": 6 },
        "end": { "line": 105, "column": 7 }
      },
      "18": {
        "start": { "line": 104, "column": 8 },
        "end": { "line": 104, "column": 49 }
      },
      "19": {
        "start": { "line": 108, "column": 29 },
        "end": { "line": 108, "column": 60 }
      },
      "20": {
        "start": { "line": 111, "column": 22 },
        "end": { "line": 115, "column": 8 }
      },
      "21": {
        "start": { "line": 118, "column": 20 },
        "end": { "line": 122, "column": 7 }
      },
      "22": {
        "start": { "line": 124, "column": 6 },
        "end": { "line": 131, "column": 8 }
      }
    },
    "fnMap": {
      "0": {
        "name": "(anonymous_0)",
        "decl": {
          "start": { "line": 67, "column": 17 },
          "end": { "line": 67, "column": 18 }
        },
        "loc": {
          "start": { "line": 67, "column": 29 },
          "end": { "line": 75, "column": 5 }
        },
        "line": 67
      },
      "1": {
        "name": "(anonymous_1)",
        "decl": {
          "start": { "line": 78, "column": 17 },
          "end": { "line": 78, "column": 18 }
        },
        "loc": {
          "start": { "line": 78, "column": 38 },
          "end": { "line": 88, "column": 5 }
        },
        "line": 78
      },
      "2": {
        "name": "(anonymous_2)",
        "decl": {
          "start": { "line": 93, "column": 18 },
          "end": { "line": 93, "column": 19 }
        },
        "loc": {
          "start": { "line": 93, "column": 42 },
          "end": { "line": 132, "column": 5 }
        },
        "line": 93
      }
    },
    "branchMap": {
      "0": {
        "loc": {
          "start": { "line": 81, "column": 8 },
          "end": { "line": 83, "column": 9 }
        },
        "type": "if",
        "locations": [
          {
            "start": { "line": 81, "column": 8 },
            "end": { "line": 83, "column": 9 }
          },
          { "start": {}, "end": {} }
        ],
        "line": 81
      },
      "1": {
        "loc": {
          "start": { "line": 97, "column": 6 },
          "end": { "line": 99, "column": 7 }
        },
        "type": "if",
        "locations": [
          {
            "start": { "line": 97, "column": 6 },
            "end": { "line": 99, "column": 7 }
          },
          { "start": {}, "end": {} }
        ],
        "line": 97
      },
      "2": {
        "loc": {
          "start": { "line": 97, "column": 10 },
          "end": { "line": 97, "column": 38 }
        },
        "type": "binary-expr",
        "locations": [
          {
            "start": { "line": 97, "column": 10 },
            "end": { "line": 97, "column": 15 }
          },
          {
            "start": { "line": 97, "column": 19 },
            "end": { "line": 97, "column": 25 }
          },
          {
            "start": { "line": 97, "column": 29 },
            "end": { "line": 97, "column": 38 }
          }
        ],
        "line": 97
      },
      "3": {
        "loc": {
          "start": { "line": 103, "column": 6 },
          "end": { "line": 105, "column": 7 }
        },
        "type": "if",
        "locations": [
          {
            "start": { "line": 103, "column": 6 },
            "end": { "line": 105, "column": 7 }
          },
          { "start": {}, "end": {} }
        ],
        "line": 103
      }
    },
    "s": {
      "0": 1,
      "1": 1,
      "2": 2,
      "3": 2,
      "4": 1,
      "5": 1,
      "6": 1,
      "7": 2,
      "8": 2,
      "9": 2,
      "10": 1,
      "11": 1,
      "12": 1,
      "13": 3,
      "14": 3,
      "15": 1,
      "16": 2,
      "17": 2,
      "18": 1,
      "19": 1,
      "20": 1,
      "21": 1,
      "22": 1
    },
    "f": { "0": 2, "1": 2, "2": 3 },
    "b": { "0": [1, 1], "1": [1, 2], "2": [3, 2, 2], "3": [1, 1] },
    "inputSourceMap": null,
    "_coverageSchema": "1a1c01bbd47fc00a2c39e90264f33305004495a9",
    "hash": "6068d94dc99bb00c4c512787c07b4e8f41f5bdca"
  },
  "C:\\Users\\miras\\OneDrive\\Desktop\\reco-sphere\\server\\models\\Content.js": {
    "path": "C:\\Users\\miras\\OneDrive\\Desktop\\reco-sphere\\server\\models\\Content.js",
    "statementMap": {
      "0": {
        "start": { "line": 20, "column": 22 },
        "end": { "line": 64, "column": 1 }
      },
      "1": {
        "start": { "line": 39, "column": 10 },
        "end": { "line": 39, "column": 34 }
      },
      "2": {
        "start": { "line": 67, "column": 0 },
        "end": { "line": 67, "column": 44 }
      },
      "3": {
        "start": { "line": 69, "column": 16 },
        "end": { "line": 69, "column": 56 }
      }
    },
    "fnMap": {
      "0": {
        "name": "(anonymous_0)",
        "decl": {
          "start": { "line": 38, "column": 8 },
          "end": { "line": 38, "column": 9 }
        },
        "loc": {
          "start": { "line": 38, "column": 25 },
          "end": { "line": 40, "column": 9 }
        },
        "line": 38
      }
    },
    "branchMap": {},
    "s": { "0": 1, "1": 1, "2": 1, "3": 1 },
    "f": { "0": 1 },
    "b": {},
    "inputSourceMap": null,
    "_coverageSchema": "1a1c01bbd47fc00a2c39e90264f33305004495a9",
    "hash": "75d1b6199b1f1e1ba5d7cf6a33c64a53df01685b"
  },
  "C:\\Users\\miras\\OneDrive\\Desktop\\reco-sphere\\server\\models\\Recommendation.js": {
    "path": "C:\\Users\\miras\\OneDrive\\Desktop\\reco-sphere\\server\\models\\Recommendation.js",
    "statementMap": {
      "0": {
        "start": { "line": 22, "column": 29 },
        "end": { "line": 62, "column": 1 }
      },
      "1": {
        "start": { "line": 65, "column": 0 },
        "end": { "line": 65, "column": 74 }
      },
      "2": {
        "start": { "line": 67, "column": 23 },
        "end": { "line": 67, "column": 77 }
      }
    },
    "fnMap": {},
    "branchMap": {},
    "s": { "0": 1, "1": 1, "2": 1 },
    "f": {},
    "b": {},
    "inputSourceMap": null,
    "_coverageSchema": "1a1c01bbd47fc00a2c39e90264f33305004495a9",
    "hash": "76081a38b7fde17b4c55ae717018b3aa766855d8"
  },
  "C:\\Users\\miras\\OneDrive\\Desktop\\reco-sphere\\server\\models\\User.js": {
    "path": "C:\\Users\\miras\\OneDrive\\Desktop\\reco-sphere\\server\\models\\User.js",
    "statementMap": {
      "0": {
        "start": { "line": 22, "column": 19 },
        "end": { "line": 71, "column": 1 }
      },
      "1": {
        "start": { "line": 44, "column": 10 },
        "end": { "line": 44, "column": 41 }
      },
      "2": {
        "start": { "line": 54, "column": 10 },
        "end": { "line": 54, "column": 63 }
      },
      "3": {
        "start": { "line": 54, "column": 37 },
        "end": { "line": 54, "column": 61 }
      },
      "4": {
        "start": { "line": 64, "column": 10 },
        "end": { "line": 64, "column": 59 }
      },
      "5": {
        "start": { "line": 64, "column": 35 },
        "end": { "line": 64, "column": 57 }
      },
      "6": {
        "start": { "line": 73, "column": 13 },
        "end": { "line": 73, "column": 47 }
      }
    },
    "fnMap": {
      "0": {
        "name": "(anonymous_0)",
        "decl": {
          "start": { "line": 43, "column": 8 },
          "end": { "line": 43, "column": 9 }
        },
        "loc": {
          "start": { "line": 43, "column": 25 },
          "end": { "line": 45, "column": 9 }
        },
        "line": 43
      },
      "1": {
        "name": "(anonymous_1)",
        "decl": {
          "start": { "line": 53, "column": 8 },
          "end": { "line": 53, "column": 9 }
        },
        "loc": {
          "start": { "line": 53, "column": 23 },
          "end": { "line": 55, "column": 9 }
        },
        "line": 53
      },
      "2": {
        "name": "(anonymous_2)",
        "decl": {
          "start": { "line": 54, "column": 27 },
          "end": { "line": 54, "column": 28 }
        },
        "loc": {
          "start": { "line": 54, "column": 37 },
          "end": { "line": 54, "column": 61 }
        },
        "line": 54
      },
      "3": {
        "name": "(anonymous_3)",
        "decl": {
          "start": { "line": 63, "column": 8 },
          "end": { "line": 63, "column": 9 }
        },
        "loc": {
          "start": { "line": 63, "column": 23 },
          "end": { "line": 65, "column": 9 }
        },
        "line": 63
      },
      "4": {
        "name": "(anonymous_4)",
        "decl": {
          "start": { "line": 64, "column": 27 },
          "end": { "line": 64, "column": 28 }
        },
        "loc": {
          "start": { "line": 64, "column": 35 },
          "end": { "line": 64, "column": 57 }
        },
        "line": 64
      }
    },
    "branchMap": {},
    "s": { "0": 2, "1": 9, "2": 9, "3": 8, "4": 9, "5": 6, "6": 2 },
    "f": { "0": 9, "1": 9, "2": 8, "3": 9, "4": 6 },
    "b": {},
    "inputSourceMap": null,
    "_coverageSchema": "1a1c01bbd47fc00a2c39e90264f33305004495a9",
    "hash": "fdc1b9169b07fc92ebe8136e7d197be79b8816f2"
  }
}
