TN:
SF:graphql\schema.js
FN:67,(anonymous_0)
FN:78,(anonymous_1)
FN:93,(anonymous_2)
FNF:3
FNH:3
FNDA:2,(anonymous_0)
FNDA:3,(anonymous_1)
FNDA:3,(anonymous_2)
DA:36,1
DA:64,1
DA:68,2
DA:69,2
DA:70,1
DA:72,1
DA:73,1
DA:79,3
DA:80,3
DA:81,2
DA:82,1
DA:84,1
DA:86,2
DA:94,3
DA:97,3
DA:98,1
DA:102,2
DA:103,2
DA:104,1
DA:108,1
DA:111,1
DA:118,1
DA:124,1
LF:23
LH:23
BRDA:81,0,0,1
BRDA:81,0,1,1
BRDA:97,1,0,1
BRDA:97,1,1,2
BRDA:97,2,0,3
BRDA:97,2,1,2
BRDA:97,2,2,2
BRDA:103,3,0,1
BRDA:103,3,1,1
BRF:9
BRH:9
end_of_record
TN:
SF:models\Content.js
FN:38,(anonymous_0)
FNF:1
FNH:1
FNDA:1,(anonymous_0)
DA:20,1
DA:39,1
DA:67,1
DA:69,1
LF:4
LH:4
BRF:0
BRH:0
end_of_record
TN:
SF:models\Recommendation.js
FNF:0
FNH:0
DA:22,1
DA:65,1
DA:67,1
LF:3
LH:3
BRF:0
BRH:0
end_of_record
TN:
SF:models\User.js
FN:43,(anonymous_0)
FN:53,(anonymous_1)
FN:54,(anonymous_2)
FN:63,(anonymous_3)
FN:64,(anonymous_4)
FNF:5
FNH:5
FNDA:9,(anonymous_0)
FNDA:9,(anonymous_1)
FNDA:8,(anonymous_2)
FNDA:9,(anonymous_3)
FNDA:6,(anonymous_4)
DA:22,2
DA:44,9
DA:54,9
DA:64,9
DA:73,2
LF:5
LH:5
BRF:0
BRH:0
end_of_record
