{"C:\\Users\\miras\\OneDrive\\Desktop\\reco-sphere\\client\\src\\components\\Navbar.tsx": {"path":"C:\\Users\\miras\\OneDrive\\Desktop\\reco-sphere\\client\\src\\components\\Navbar.tsx","statementMap":{"0":{"start":{"line":1,"column":0},"end":{"line":1,"column":44}},"1":{"start":{"line":2,"column":0},"end":{"line":2,"column":40}},"2":{"start":{"line":4,"column":15},"end":{"line":106,"column":1}},"3":{"start":{"line":5,"column":34},"end":{"line":5,"column":49}},"4":{"start":{"line":6,"column":34},"end":{"line":6,"column":67}},"5":{"start":{"line":8,"column":21},"end":{"line":10,"column":3}},"6":{"start":{"line":9,"column":4},"end":{"line":9,"column":27}},"7":{"start":{"line":12,"column":23},"end":{"line":19,"column":3}},"8":{"start":{"line":13,"column":4},"end":{"line":18,"column":5}},"9":{"start":{"line":14,"column":6},"end":{"line":14,"column":25}},"10":{"start":{"line":15,"column":6},"end":{"line":15,"column":25}},"11":{"start":{"line":17,"column":6},"end":{"line":17,"column":24}},"12":{"start":{"line":21,"column":2},"end":{"line":26,"column":9}},"13":{"start":{"line":22,"column":4},"end":{"line":22,"column":52}},"14":{"start":{"line":23,"column":4},"end":{"line":25,"column":6}},"15":{"start":{"line":24,"column":6},"end":{"line":24,"column":57}},"16":{"start":{"line":28,"column":2},"end":{"line":105,"column":4}},"17":{"start":{"line":108,"column":0},"end":{"line":108,"column":22}}},"fnMap":{"0":{"name":"(anonymous_0)","decl":{"start":{"line":4,"column":15},"end":{"line":4,"column":18}},"loc":{"start":{"line":4,"column":20},"end":{"line":106,"column":1}}},"1":{"name":"(anonymous_1)","decl":{"start":{"line":8,"column":21},"end":{"line":8,"column":24}},"loc":{"start":{"line":8,"column":26},"end":{"line":10,"column":3}}},"2":{"name":"(anonymous_2)","decl":{"start":{"line":12,"column":23},"end":{"line":12,"column":26}},"loc":{"start":{"line":12,"column":28},"end":{"line":19,"column":3}}},"3":{"name":"(anonymous_3)","decl":{"start":{"line":21,"column":12},"end":{"line":21,"column":15}},"loc":{"start":{"line":21,"column":17},"end":{"line":26,"column":3}}},"4":{"name":"(anonymous_4)","decl":{"start":{"line":23,"column":11},"end":{"line":23,"column":14}},"loc":{"start":{"line":23,"column":16},"end":{"line":25,"column":5}}}},"branchMap":{"0":{"loc":{"start":{"line":13,"column":4},"end":{"line":18,"column":5}},"type":"if","locations":[{"start":{"line":13,"column":4},"end":{"line":18,"column":5}},{"start":{"line":16,"column":11},"end":{"line":18,"column":5}}]},"1":{"loc":{"start":{"line":82,"column":7},"end":{"line":102,"column":null}},"type":"binary-expr","locations":[{"start":{"line":82,"column":7},"end":{"line":82,"column":15}},{"start":{"line":82,"column":19},"end":{"line":82,"column":27}},{"start":{"line":83,"column":8},"end":{"line":101,"column":null}}]}},"s":{"0":1,"1":1,"2":1,"3":8,"4":8,"5":8,"6":2,"7":8,"8":2,"9":1,"10":1,"11":1,"12":8,"13":4,"14":4,"15":4,"16":8,"17":1},"f":{"0":8,"1":2,"2":2,"3":4,"4":4},"b":{"0":[1,1],"1":[8,1,1]}}
}
