{
  "C:\\Users\\miras\\OneDrive\\Desktop\\reco-sphere\\client\\src\\components\\Footer.tsx": {
    "path": "C:\\Users\\miras\\OneDrive\\Desktop\\reco-sphere\\client\\src\\components\\Footer.tsx",
    "statementMap": {
      "0": {
        "start": { "line": 18, "column": 0 },
        "end": { "line": 18, "column": 40 }
      },
      "1": {
        "start": { "line": 20, "column": 15 },
        "end": { "line": 175, "column": 1 }
      },
      "2": {
        "start": { "line": 21, "column": 2 },
        "end": { "line": 174, "column": 4 }
      },
      "3": {
        "start": { "line": 177, "column": 0 },
        "end": { "line": 177, "column": 22 }
      }
    },
    "fnMap": {
      "0": {
        "name": "(anonymous_0)",
        "decl": {
          "start": { "line": 20, "column": 15 },
          "end": { "line": 20, "column": 18 }
        },
        "loc": {
          "start": { "line": 20, "column": 20 },
          "end": { "line": 175, "column": 1 }
        }
      }
    },
    "branchMap": {},
    "s": { "0": 1, "1": 1, "2": 50, "3": 1 },
    "f": { "0": 50 },
    "b": {}
  },
  "C:\\Users\\miras\\OneDrive\\Desktop\\reco-sphere\\client\\src\\components\\Navbar.tsx": {
    "path": "C:\\Users\\miras\\OneDrive\\Desktop\\reco-sphere\\client\\src\\components\\Navbar.tsx",
    "statementMap": {
      "0": {
        "start": { "line": 62, "column": 0 },
        "end": { "line": 62, "column": 44 }
      },
      "1": {
        "start": { "line": 63, "column": 0 },
        "end": { "line": 63, "column": 53 }
      },
      "2": {
        "start": { "line": 64, "column": 0 },
        "end": { "line": 64, "column": 50 }
      },
      "3": {
        "start": { "line": 66, "column": 15 },
        "end": { "line": 210, "column": 1 }
      },
      "4": {
        "start": { "line": 67, "column": 34 },
        "end": { "line": 67, "column": 49 }
      },
      "5": {
        "start": { "line": 68, "column": 34 },
        "end": { "line": 68, "column": 67 }
      },
      "6": {
        "start": { "line": 69, "column": 48 },
        "end": { "line": 70, "column": null }
      },
      "7": {
        "start": { "line": 72, "column": 19 },
        "end": { "line": 72, "column": 32 }
      },
      "8": {
        "start": { "line": 75, "column": 21 },
        "end": { "line": 77, "column": 3 }
      },
      "9": {
        "start": { "line": 76, "column": 4 },
        "end": { "line": 76, "column": 27 }
      },
      "10": {
        "start": { "line": 80, "column": 23 },
        "end": { "line": 87, "column": 3 }
      },
      "11": {
        "start": { "line": 81, "column": 4 },
        "end": { "line": 86, "column": 5 }
      },
      "12": {
        "start": { "line": 82, "column": 6 },
        "end": { "line": 82, "column": 25 }
      },
      "13": {
        "start": { "line": 83, "column": 6 },
        "end": { "line": 83, "column": 25 }
      },
      "14": {
        "start": { "line": 85, "column": 6 },
        "end": { "line": 85, "column": 24 }
      },
      "15": {
        "start": { "line": 90, "column": 23 },
        "end": { "line": 94, "column": 3 }
      },
      "16": {
        "start": { "line": 91, "column": 4 },
        "end": { "line": 91, "column": 25 }
      },
      "17": {
        "start": { "line": 92, "column": 4 },
        "end": { "line": 92, "column": 30 }
      },
      "18": {
        "start": { "line": 93, "column": 4 },
        "end": { "line": 93, "column": 18 }
      },
      "19": {
        "start": { "line": 97, "column": 2 },
        "end": { "line": 104, "column": 9 }
      },
      "20": {
        "start": { "line": 98, "column": 4 },
        "end": { "line": 98, "column": 54 }
      },
      "21": {
        "start": { "line": 99, "column": 4 },
        "end": { "line": 99, "column": 52 }
      },
      "22": {
        "start": { "line": 101, "column": 4 },
        "end": { "line": 103, "column": 6 }
      },
      "23": {
        "start": { "line": 102, "column": 6 },
        "end": { "line": 102, "column": 57 }
      },
      "24": {
        "start": { "line": 106, "column": 2 },
        "end": { "line": 209, "column": 4 }
      },
      "25": {
        "start": { "line": 212, "column": 0 },
        "end": { "line": 212, "column": 22 }
      }
    },
    "fnMap": {
      "0": {
        "name": "(anonymous_1)",
        "decl": {
          "start": { "line": 66, "column": 15 },
          "end": { "line": 66, "column": 18 }
        },
        "loc": {
          "start": { "line": 66, "column": 20 },
          "end": { "line": 210, "column": 1 }
        }
      },
      "1": {
        "name": "(anonymous_2)",
        "decl": {
          "start": { "line": 75, "column": 21 },
          "end": { "line": 75, "column": 24 }
        },
        "loc": {
          "start": { "line": 75, "column": 26 },
          "end": { "line": 77, "column": 3 }
        }
      },
      "2": {
        "name": "(anonymous_3)",
        "decl": {
          "start": { "line": 80, "column": 23 },
          "end": { "line": 80, "column": 26 }
        },
        "loc": {
          "start": { "line": 80, "column": 28 },
          "end": { "line": 87, "column": 3 }
        }
      },
      "3": {
        "name": "(anonymous_4)",
        "decl": {
          "start": { "line": 90, "column": 23 },
          "end": { "line": 90, "column": 26 }
        },
        "loc": {
          "start": { "line": 90, "column": 28 },
          "end": { "line": 94, "column": 3 }
        }
      },
      "4": {
        "name": "(anonymous_5)",
        "decl": {
          "start": { "line": 97, "column": 12 },
          "end": { "line": 97, "column": 15 }
        },
        "loc": {
          "start": { "line": 97, "column": 17 },
          "end": { "line": 104, "column": 3 }
        }
      },
      "5": {
        "name": "(anonymous_6)",
        "decl": {
          "start": { "line": 101, "column": 11 },
          "end": { "line": 101, "column": 14 }
        },
        "loc": {
          "start": { "line": 101, "column": 16 },
          "end": { "line": 103, "column": 5 }
        }
      }
    },
    "branchMap": {
      "0": {
        "loc": {
          "start": { "line": 81, "column": 4 },
          "end": { "line": 86, "column": 5 }
        },
        "type": "if",
        "locations": [
          {
            "start": { "line": 81, "column": 4 },
            "end": { "line": 86, "column": 5 }
          },
          {
            "start": { "line": 84, "column": 11 },
            "end": { "line": 86, "column": 5 }
          }
        ]
      },
      "1": {
        "loc": {
          "start": { "line": 121, "column": 11 },
          "end": { "line": 143, "column": null }
        },
        "type": "cond-expr",
        "locations": [
          {
            "start": { "line": 122, "column": 12 },
            "end": { "line": 132, "column": null }
          },
          {
            "start": { "line": 135, "column": 12 },
            "end": { "line": 142, "column": null }
          }
        ]
      },
      "2": {
        "loc": {
          "start": { "line": 125, "column": 34 },
          "end": { "line": 125, "column": 62 }
        },
        "type": "cond-expr",
        "locations": [
          {
            "start": { "line": 125, "column": 58 },
            "end": { "line": 125, "column": 60 }
          },
          {
            "start": { "line": 125, "column": 58 },
            "end": { "line": 125, "column": 62 }
          }
        ]
      },
      "3": {
        "loc": {
          "start": { "line": 125, "column": 34 },
          "end": { "line": 125, "column": 60 }
        },
        "type": "binary-expr",
        "locations": [
          {
            "start": { "line": 125, "column": 34 },
            "end": { "line": 125, "column": 60 }
          },
          {
            "start": { "line": 125, "column": 58 },
            "end": { "line": 125, "column": 60 }
          }
        ]
      },
      "4": {
        "loc": {
          "start": { "line": 161, "column": 7 },
          "end": { "line": 206, "column": null }
        },
        "type": "binary-expr",
        "locations": [
          {
            "start": { "line": 161, "column": 7 },
            "end": { "line": 161, "column": 15 }
          },
          {
            "start": { "line": 161, "column": 19 },
            "end": { "line": 161, "column": 27 }
          },
          {
            "start": { "line": 162, "column": 8 },
            "end": { "line": 205, "column": null }
          }
        ]
      },
      "5": {
        "loc": {
          "start": { "line": 167, "column": 13 },
          "end": { "line": 203, "column": null }
        },
        "type": "cond-expr",
        "locations": [
          {
            "start": { "line": 168, "column": 14 },
            "end": { "line": 182, "column": null }
          },
          {
            "start": { "line": 185, "column": 14 },
            "end": { "line": 202, "column": null }
          }
        ]
      },
      "6": {
        "loc": {
          "start": { "line": 172, "column": 38 },
          "end": { "line": 172, "column": 66 }
        },
        "type": "cond-expr",
        "locations": [
          {
            "start": { "line": 172, "column": 62 },
            "end": { "line": 172, "column": 64 }
          },
          {
            "start": { "line": 172, "column": 62 },
            "end": { "line": 172, "column": 66 }
          }
        ]
      },
      "7": {
        "loc": {
          "start": { "line": 172, "column": 38 },
          "end": { "line": 172, "column": 64 }
        },
        "type": "binary-expr",
        "locations": [
          {
            "start": { "line": 172, "column": 38 },
            "end": { "line": 172, "column": 64 }
          },
          {
            "start": { "line": 172, "column": 62 },
            "end": { "line": 172, "column": 64 }
          }
        ]
      }
    },
    "s": {
      "0": 2,
      "1": 2,
      "2": 2,
      "3": 2,
      "4": 78,
      "5": 78,
      "6": 78,
      "7": 78,
      "8": 78,
      "9": 1,
      "10": 78,
      "11": 2,
      "12": 1,
      "13": 1,
      "14": 1,
      "15": 78,
      "16": 1,
      "17": 1,
      "18": 1,
      "19": 78,
      "20": 20,
      "21": 20,
      "22": 20,
      "23": 20,
      "24": 78,
      "25": 2
    },
    "f": { "0": 78, "1": 1, "2": 2, "3": 1, "4": 20, "5": 20 },
    "b": {
      "0": [1, 1],
      "1": [10, 68],
      "2": [1, 9],
      "3": [10, 9],
      "4": [78, 2, 2],
      "5": [0, 2],
      "6": [0, 0],
      "7": [0, 0]
    }
  },
  "C:\\Users\\miras\\OneDrive\\Desktop\\reco-sphere\\client\\src\\pages\\Register.tsx": {
    "path": "C:\\Users\\miras\\OneDrive\\Desktop\\reco-sphere\\client\\src\\pages\\Register.tsx",
    "statementMap": {
      "0": {
        "start": { "line": 19, "column": 0 },
        "end": { "line": 19, "column": 40 }
      },
      "1": {
        "start": { "line": 20, "column": 0 },
        "end": { "line": 20, "column": 53 }
      },
      "2": {
        "start": { "line": 21, "column": 0 },
        "end": { "line": 21, "column": 50 }
      },
      "3": {
        "start": { "line": 22, "column": 0 },
        "end": { "line": 22, "column": 42 }
      },
      "4": {
        "start": { "line": 23, "column": 0 },
        "end": { "line": 23, "column": 42 }
      },
      "5": {
        "start": { "line": 25, "column": 17 },
        "end": { "line": 199, "column": 1 }
      },
      "6": {
        "start": { "line": 26, "column": 19 },
        "end": { "line": 26, "column": 32 }
      },
      "7": {
        "start": { "line": 27, "column": 34 },
        "end": { "line": 32, "column": 4 }
      },
      "8": {
        "start": { "line": 33, "column": 42 },
        "end": { "line": 33, "column": 71 }
      },
      "9": {
        "start": { "line": 35, "column": 27 },
        "end": { "line": 43, "column": 3 }
      },
      "10": {
        "start": { "line": 36, "column": 4 },
        "end": { "line": 36, "column": 26 }
      },
      "11": {
        "start": { "line": 37, "column": 4 },
        "end": { "line": 42, "column": 5 }
      },
      "12": {
        "start": { "line": 38, "column": 26 },
        "end": { "line": 38, "column": 50 }
      },
      "13": {
        "start": { "line": 39, "column": 6 },
        "end": { "line": 41, "column": 7 }
      },
      "14": {
        "start": { "line": 40, "column": 8 },
        "end": { "line": 40, "column": 49 }
      },
      "15": {
        "start": { "line": 45, "column": 23 },
        "end": { "line": 48, "column": 3 }
      },
      "16": {
        "start": { "line": 46, "column": 28 },
        "end": { "line": 46, "column": 36 }
      },
      "17": {
        "start": { "line": 47, "column": 4 },
        "end": { "line": 47, "column": 48 }
      },
      "18": {
        "start": { "line": 50, "column": 23 },
        "end": { "line": 75, "column": 3 }
      },
      "19": {
        "start": { "line": 51, "column": 55 },
        "end": { "line": 51, "column": 63 }
      },
      "20": {
        "start": { "line": 52, "column": 4 },
        "end": { "line": 60, "column": 5 }
      },
      "21": {
        "start": { "line": 58, "column": 6 },
        "end": { "line": 58, "column": 50 }
      },
      "22": {
        "start": { "line": 59, "column": 6 },
        "end": { "line": 59, "column": 19 }
      },
      "23": {
        "start": { "line": 61, "column": 23 },
        "end": { "line": 61, "column": 51 }
      },
      "24": {
        "start": { "line": 62, "column": 4 },
        "end": { "line": 65, "column": 5 }
      },
      "25": {
        "start": { "line": 63, "column": 6 },
        "end": { "line": 63, "column": 61 }
      },
      "26": {
        "start": { "line": 64, "column": 6 },
        "end": { "line": 64, "column": 19 }
      },
      "27": {
        "start": { "line": 66, "column": 4 },
        "end": { "line": 69, "column": 5 }
      },
      "28": {
        "start": { "line": 67, "column": 6 },
        "end": { "line": 67, "column": 70 }
      },
      "29": {
        "start": { "line": 68, "column": 6 },
        "end": { "line": 68, "column": 19 }
      },
      "30": {
        "start": { "line": 70, "column": 4 },
        "end": { "line": 73, "column": 5 }
      },
      "31": {
        "start": { "line": 71, "column": 6 },
        "end": { "line": 71, "column": 49 }
      },
      "32": {
        "start": { "line": 72, "column": 6 },
        "end": { "line": 72, "column": 19 }
      },
      "33": {
        "start": { "line": 74, "column": 4 },
        "end": { "line": 74, "column": 16 }
      },
      "34": {
        "start": { "line": 77, "column": 23 },
        "end": { "line": 100, "column": 4 }
      },
      "35": {
        "start": { "line": 77, "column": 69 },
        "end": { "line": 100, "column": 4 }
      },
      "36": {
        "start": { "line": 78, "column": 4 },
        "end": { "line": 78, "column": 23 }
      },
      "37": {
        "start": { "line": 79, "column": 4 },
        "end": { "line": 79, "column": 32 }
      },
      "38": {
        "start": { "line": 79, "column": 25 },
        "end": { "line": 79, "column": 32 }
      },
      "39": {
        "start": { "line": 81, "column": 4 },
        "end": { "line": 99, "column": 5 }
      },
      "40": {
        "start": { "line": 82, "column": 40 },
        "end": { "line": 82, "column": 48 }
      },
      "41": {
        "start": { "line": 83, "column": 21 },
        "end": { "line": 83, "column": 74 }
      },
      "42": {
        "start": { "line": 85, "column": 6 },
        "end": { "line": 92, "column": 7 }
      },
      "43": {
        "start": { "line": 86, "column": 8 },
        "end": { "line": 86, "column": 55 }
      },
      "44": {
        "start": { "line": 87, "column": 8 },
        "end": { "line": 87, "column": 57 }
      },
      "45": {
        "start": { "line": 89, "column": 8 },
        "end": { "line": 91, "column": 10 }
      },
      "46": {
        "start": { "line": 94, "column": 6 },
        "end": { "line": 98, "column": 7 }
      },
      "47": {
        "start": { "line": 95, "column": 8 },
        "end": { "line": 95, "column": 74 }
      },
      "48": {
        "start": { "line": 97, "column": 8 },
        "end": { "line": 97, "column": 74 }
      },
      "49": {
        "start": { "line": 102, "column": 2 },
        "end": { "line": 198, "column": 4 }
      },
      "50": {
        "start": { "line": 201, "column": 0 },
        "end": { "line": 201, "column": 24 }
      }
    },
    "fnMap": {
      "0": {
        "name": "(anonymous_8)",
        "decl": {
          "start": { "line": 25, "column": 17 },
          "end": { "line": 25, "column": 20 }
        },
        "loc": {
          "start": { "line": 25, "column": 22 },
          "end": { "line": 199, "column": 1 }
        }
      },
      "1": {
        "name": "(anonymous_9)",
        "decl": {
          "start": { "line": 35, "column": 27 },
          "end": { "line": 35, "column": 30 }
        },
        "loc": {
          "start": { "line": 35, "column": 32 },
          "end": { "line": 43, "column": 3 }
        }
      },
      "2": {
        "name": "(anonymous_10)",
        "decl": {
          "start": { "line": 45, "column": 23 },
          "end": { "line": 45, "column": 24 }
        },
        "loc": {
          "start": { "line": 45, "column": 66 },
          "end": { "line": 48, "column": 3 }
        }
      },
      "3": {
        "name": "(anonymous_11)",
        "decl": {
          "start": { "line": 50, "column": 23 },
          "end": { "line": 50, "column": 35 }
        },
        "loc": {
          "start": { "line": 50, "column": 37 },
          "end": { "line": 75, "column": 3 }
        }
      },
      "4": {
        "name": "(anonymous_12)",
        "decl": {
          "start": { "line": 77, "column": 23 },
          "end": { "line": 77, "column": 30 }
        },
        "loc": {
          "start": { "line": 77, "column": 69 },
          "end": { "line": 100, "column": 4 }
        }
      },
      "5": {
        "name": "(anonymous_13)",
        "decl": {
          "start": { "line": 77, "column": 69 },
          "end": { "line": 77, "column": null }
        },
        "loc": {
          "start": { "line": 77, "column": 69 },
          "end": { "line": 100, "column": 3 }
        }
      }
    },
    "branchMap": {
      "0": {
        "loc": {
          "start": { "line": 37, "column": 4 },
          "end": { "line": 42, "column": 5 }
        },
        "type": "if",
        "locations": [
          {
            "start": { "line": 37, "column": 4 },
            "end": { "line": 42, "column": 5 }
          }
        ]
      },
      "1": {
        "loc": {
          "start": { "line": 39, "column": 6 },
          "end": { "line": 41, "column": 7 }
        },
        "type": "if",
        "locations": [
          {
            "start": { "line": 39, "column": 6 },
            "end": { "line": 41, "column": 7 }
          }
        ]
      },
      "2": {
        "loc": {
          "start": { "line": 52, "column": 4 },
          "end": { "line": 60, "column": 5 }
        },
        "type": "if",
        "locations": [
          {
            "start": { "line": 52, "column": 4 },
            "end": { "line": 60, "column": 5 }
          }
        ]
      },
      "3": {
        "loc": {
          "start": { "line": 53, "column": 6 },
          "end": { "line": 56, "column": 29 }
        },
        "type": "binary-expr",
        "locations": [
          {
            "start": { "line": 53, "column": 6 },
            "end": { "line": 53, "column": 18 }
          },
          {
            "start": { "line": 54, "column": 6 },
            "end": { "line": 54, "column": 19 }
          },
          {
            "start": { "line": 55, "column": 6 },
            "end": { "line": 55, "column": 22 }
          },
          {
            "start": { "line": 56, "column": 6 },
            "end": { "line": 56, "column": 29 }
          }
        ]
      },
      "4": {
        "loc": {
          "start": { "line": 62, "column": 4 },
          "end": { "line": 65, "column": 5 }
        },
        "type": "if",
        "locations": [
          {
            "start": { "line": 62, "column": 4 },
            "end": { "line": 65, "column": 5 }
          }
        ]
      },
      "5": {
        "loc": {
          "start": { "line": 66, "column": 4 },
          "end": { "line": 69, "column": 5 }
        },
        "type": "if",
        "locations": [
          {
            "start": { "line": 66, "column": 4 },
            "end": { "line": 69, "column": 5 }
          }
        ]
      },
      "6": {
        "loc": {
          "start": { "line": 70, "column": 4 },
          "end": { "line": 73, "column": 5 }
        },
        "type": "if",
        "locations": [
          {
            "start": { "line": 70, "column": 4 },
            "end": { "line": 73, "column": 5 }
          }
        ]
      },
      "7": {
        "loc": {
          "start": { "line": 79, "column": 4 },
          "end": { "line": 79, "column": 32 }
        },
        "type": "if",
        "locations": [
          {
            "start": { "line": 79, "column": 4 },
            "end": { "line": 79, "column": 32 }
          }
        ]
      },
      "8": {
        "loc": {
          "start": { "line": 85, "column": 6 },
          "end": { "line": 92, "column": 7 }
        },
        "type": "if",
        "locations": [
          {
            "start": { "line": 85, "column": 6 },
            "end": { "line": 92, "column": 7 }
          },
          {
            "start": { "line": 88, "column": 13 },
            "end": { "line": 92, "column": 7 }
          }
        ]
      },
      "9": {
        "loc": {
          "start": { "line": 90, "column": 10 },
          "end": { "line": 90, "column": 68 }
        },
        "type": "binary-expr",
        "locations": [
          {
            "start": { "line": 90, "column": 10 },
            "end": { "line": 90, "column": 24 }
          },
          {
            "start": { "line": 90, "column": 28 },
            "end": { "line": 90, "column": 68 }
          }
        ]
      },
      "10": {
        "loc": {
          "start": { "line": 94, "column": 6 },
          "end": { "line": 98, "column": 7 }
        },
        "type": "if",
        "locations": [
          {
            "start": { "line": 94, "column": 6 },
            "end": { "line": 98, "column": 7 }
          },
          {
            "start": { "line": 96, "column": 13 },
            "end": { "line": 98, "column": 7 }
          }
        ]
      },
      "11": {
        "loc": {
          "start": { "line": 95, "column": 24 },
          "end": { "line": 95, "column": 72 }
        },
        "type": "binary-expr",
        "locations": [
          {
            "start": { "line": 95, "column": 24 },
            "end": { "line": 95, "column": 37 }
          },
          {
            "start": { "line": 95, "column": 41 },
            "end": { "line": 95, "column": 72 }
          }
        ]
      },
      "12": {
        "loc": {
          "start": { "line": 183, "column": 7 },
          "end": { "line": 194, "column": null }
        },
        "type": "binary-expr",
        "locations": [
          {
            "start": { "line": 183, "column": 7 },
            "end": { "line": 183, "column": 19 }
          },
          {
            "start": { "line": 184, "column": 8 },
            "end": { "line": 193, "column": null }
          }
        ]
      }
    },
    "s": {
      "0": 1,
      "1": 1,
      "2": 1,
      "3": 1,
      "4": 1,
      "5": 1,
      "6": 50,
      "7": 50,
      "8": 50,
      "9": 50,
      "10": 1,
      "11": 1,
      "12": 1,
      "13": 1,
      "14": 1,
      "15": 50,
      "16": 31,
      "17": 31,
      "18": 50,
      "19": 8,
      "20": 8,
      "21": 2,
      "22": 2,
      "23": 6,
      "24": 6,
      "25": 0,
      "26": 0,
      "27": 6,
      "28": 1,
      "29": 1,
      "30": 5,
      "31": 1,
      "32": 1,
      "33": 4,
      "34": 50,
      "35": 8,
      "36": 8,
      "37": 8,
      "38": 4,
      "39": 4,
      "40": 4,
      "41": 4,
      "42": 2,
      "43": 1,
      "44": 1,
      "45": 1,
      "46": 2,
      "47": 1,
      "48": 1,
      "49": 50,
      "50": 1
    },
    "f": { "0": 50, "1": 1, "2": 31, "3": 8, "4": 8, "5": 8 },
    "b": {
      "0": [1],
      "1": [1],
      "2": [2],
      "3": [8, 6, 6, 6],
      "4": [0],
      "5": [1],
      "6": [1],
      "7": [4],
      "8": [1, 1],
      "9": [1, 1],
      "10": [1, 1],
      "11": [1, 0],
      "12": [50, 8]
    }
  },
  "C:\\Users\\miras\\OneDrive\\Desktop\\reco-sphere\\client\\src\\services\\authService.ts": {
    "path": "C:\\Users\\miras\\OneDrive\\Desktop\\reco-sphere\\client\\src\\services\\authService.ts",
    "statementMap": {
      "0": {
        "start": { "line": 24, "column": 0 },
        "end": { "line": 24, "column": 51 }
      },
      "1": {
        "start": { "line": 47, "column": 4 },
        "end": { "line": 90, "column": 5 }
      },
      "2": {
        "start": { "line": 49, "column": 23 },
        "end": { "line": 69, "column": 8 }
      },
      "3": {
        "start": { "line": 71, "column": 21 },
        "end": { "line": 71, "column": 42 }
      },
      "4": {
        "start": { "line": 74, "column": 6 },
        "end": { "line": 76, "column": 7 }
      },
      "5": {
        "start": { "line": 75, "column": 8 },
        "end": { "line": 75, "column": 74 }
      },
      "6": {
        "start": { "line": 78, "column": 30 },
        "end": { "line": 78, "column": 54 }
      },
      "7": {
        "start": { "line": 79, "column": 6 },
        "end": { "line": 79, "column": 27 }
      },
      "8": {
        "start": { "line": 80, "column": 6 },
        "end": { "line": 80, "column": 29 }
      },
      "9": {
        "start": { "line": 82, "column": 6 },
        "end": { "line": 87, "column": 7 }
      },
      "10": {
        "start": { "line": 83, "column": 8 },
        "end": { "line": 83, "column": 66 }
      },
      "11": {
        "start": { "line": 84, "column": 8 },
        "end": { "line": 86, "column": 10 }
      },
      "12": {
        "start": { "line": 88, "column": 6 },
        "end": { "line": 88, "column": 64 }
      },
      "13": {
        "start": { "line": 89, "column": 6 },
        "end": { "line": 89, "column": 72 }
      },
      "14": {
        "start": { "line": 98, "column": 4 },
        "end": { "line": 137, "column": 5 }
      },
      "15": {
        "start": { "line": 99, "column": 23 },
        "end": { "line": 119, "column": 8 }
      },
      "16": {
        "start": { "line": 121, "column": 21 },
        "end": { "line": 121, "column": 42 }
      },
      "17": {
        "start": { "line": 123, "column": 6 },
        "end": { "line": 125, "column": 7 }
      },
      "18": {
        "start": { "line": 124, "column": 8 },
        "end": { "line": 124, "column": 67 }
      },
      "19": {
        "start": { "line": 127, "column": 24 },
        "end": { "line": 127, "column": 45 }
      },
      "20": {
        "start": { "line": 128, "column": 6 },
        "end": { "line": 128, "column": 27 }
      },
      "21": {
        "start": { "line": 129, "column": 6 },
        "end": { "line": 129, "column": 23 }
      },
      "22": {
        "start": { "line": 131, "column": 6 },
        "end": { "line": 134, "column": 7 }
      },
      "23": {
        "start": { "line": 132, "column": 8 },
        "end": { "line": 132, "column": 59 }
      },
      "24": {
        "start": { "line": 133, "column": 8 },
        "end": { "line": 133, "column": 76 }
      },
      "25": {
        "start": { "line": 135, "column": 6 },
        "end": { "line": 135, "column": 57 }
      },
      "26": {
        "start": { "line": 136, "column": 6 },
        "end": { "line": 136, "column": 65 }
      },
      "27": {
        "start": { "line": 141, "column": 18 },
        "end": { "line": 141, "column": 33 }
      },
      "28": {
        "start": { "line": 142, "column": 4 },
        "end": { "line": 149, "column": 5 }
      },
      "29": {
        "start": { "line": 143, "column": 6 },
        "end": { "line": 148, "column": 7 }
      },
      "30": {
        "start": { "line": 144, "column": 8 },
        "end": { "line": 144, "column": 44 }
      },
      "31": {
        "start": { "line": 146, "column": 8 },
        "end": { "line": 146, "column": 55 }
      },
      "32": {
        "start": { "line": 147, "column": 8 },
        "end": { "line": 147, "column": 20 }
      },
      "33": {
        "start": { "line": 150, "column": 4 },
        "end": { "line": 150, "column": 16 }
      },
      "34": {
        "start": { "line": 154, "column": 4 },
        "end": { "line": 154, "column": 40 }
      },
      "35": {
        "start": { "line": 158, "column": 18 },
        "end": { "line": 158, "column": 33 }
      },
      "36": {
        "start": { "line": 159, "column": 4 },
        "end": { "line": 159, "column": 57 }
      },
      "37": {
        "start": { "line": 163, "column": 4 },
        "end": { "line": 163, "column": 52 }
      },
      "38": {
        "start": { "line": 167, "column": 4 },
        "end": { "line": 167, "column": 44 }
      },
      "39": {
        "start": { "line": 171, "column": 4 },
        "end": { "line": 176, "column": 5 }
      },
      "40": {
        "start": { "line": 172, "column": 34 },
        "end": { "line": 172, "column": 62 }
      },
      "41": {
        "start": { "line": 173, "column": 6 },
        "end": { "line": 173, "column": 67 }
      },
      "42": {
        "start": { "line": 175, "column": 6 },
        "end": { "line": 175, "column": 18 }
      },
      "43": {
        "start": { "line": 180, "column": 4 },
        "end": { "line": 182, "column": 5 }
      },
      "44": {
        "start": { "line": 181, "column": 6 },
        "end": { "line": 181, "column": 58 }
      },
      "45": {
        "start": { "line": 186, "column": 0 },
        "end": { "line": 186, "column": 33 }
      }
    },
    "fnMap": {
      "0": {
        "name": "(anonymous_7)",
        "decl": {
          "start": { "line": 42, "column": 8 },
          "end": { "line": 42, "column": 16 }
        },
        "loc": {
          "start": { "line": 42, "column": 35 },
          "end": { "line": 91, "column": null }
        }
      },
      "1": {
        "name": "(anonymous_9)",
        "decl": {
          "start": { "line": 94, "column": 8 },
          "end": { "line": 94, "column": 13 }
        },
        "loc": {
          "start": { "line": 96, "column": 20 },
          "end": { "line": 138, "column": null }
        }
      },
      "2": {
        "name": "(anonymous_11)",
        "decl": {
          "start": { "line": 140, "column": 2 },
          "end": { "line": 140, "column": 12 }
        },
        "loc": {
          "start": { "line": 140, "column": 12 },
          "end": { "line": 151, "column": 3 }
        }
      },
      "3": {
        "name": "(anonymous_12)",
        "decl": {
          "start": { "line": 153, "column": 2 },
          "end": { "line": 153, "column": 8 }
        },
        "loc": {
          "start": { "line": 153, "column": 8 },
          "end": { "line": 155, "column": 3 }
        }
      },
      "4": {
        "name": "(anonymous_13)",
        "decl": {
          "start": { "line": 157, "column": 2 },
          "end": { "line": 157, "column": 17 }
        },
        "loc": {
          "start": { "line": 157, "column": 17 },
          "end": { "line": 160, "column": 3 }
        }
      },
      "5": {
        "name": "(anonymous_14)",
        "decl": {
          "start": { "line": 162, "column": 10 },
          "end": { "line": 162, "column": 18 }
        },
        "loc": {
          "start": { "line": 162, "column": 18 },
          "end": { "line": 164, "column": 3 }
        }
      },
      "6": {
        "name": "(anonymous_15)",
        "decl": {
          "start": { "line": 166, "column": 10 },
          "end": { "line": 166, "column": 18 }
        },
        "loc": {
          "start": { "line": 166, "column": 32 },
          "end": { "line": 168, "column": 3 }
        }
      },
      "7": {
        "name": "(anonymous_16)",
        "decl": {
          "start": { "line": 170, "column": 10 },
          "end": { "line": 170, "column": 24 }
        },
        "loc": {
          "start": { "line": 170, "column": 38 },
          "end": { "line": 177, "column": 3 }
        }
      },
      "8": {
        "name": "(anonymous_17)",
        "decl": {
          "start": { "line": 179, "column": 10 },
          "end": { "line": 179, "column": 18 }
        },
        "loc": {
          "start": { "line": 179, "column": 53 },
          "end": { "line": 183, "column": 3 }
        }
      }
    },
    "branchMap": {
      "0": {
        "loc": {
          "start": { "line": 74, "column": 6 },
          "end": { "line": 76, "column": 7 }
        },
        "type": "if",
        "locations": [
          {
            "start": { "line": 74, "column": 6 },
            "end": { "line": 76, "column": 7 }
          }
        ]
      },
      "1": {
        "loc": {
          "start": { "line": 74, "column": 10 },
          "end": { "line": 74, "column": 62 }
        },
        "type": "binary-expr",
        "locations": [
          {
            "start": { "line": 74, "column": 10 },
            "end": { "line": 74, "column": 17 }
          },
          {
            "start": { "line": 74, "column": 21 },
            "end": { "line": 74, "column": 33 }
          },
          {
            "start": { "line": 74, "column": 37 },
            "end": { "line": 74, "column": 62 }
          }
        ]
      },
      "2": {
        "loc": {
          "start": { "line": 82, "column": 6 },
          "end": { "line": 87, "column": 7 }
        },
        "type": "if",
        "locations": [
          {
            "start": { "line": 82, "column": 6 },
            "end": { "line": 87, "column": 7 }
          }
        ]
      },
      "3": {
        "loc": {
          "start": { "line": 85, "column": 10 },
          "end": { "line": 85, "column": 67 }
        },
        "type": "binary-expr",
        "locations": [
          {
            "start": { "line": 85, "column": 10 },
            "end": { "line": 85, "column": 23 }
          },
          {
            "start": { "line": 85, "column": 27 },
            "end": { "line": 85, "column": 67 }
          }
        ]
      },
      "4": {
        "loc": {
          "start": { "line": 123, "column": 6 },
          "end": { "line": 125, "column": 7 }
        },
        "type": "if",
        "locations": [
          {
            "start": { "line": 123, "column": 6 },
            "end": { "line": 125, "column": 7 }
          }
        ]
      },
      "5": {
        "loc": {
          "start": { "line": 123, "column": 10 },
          "end": { "line": 123, "column": 80 }
        },
        "type": "binary-expr",
        "locations": [
          {
            "start": { "line": 123, "column": 10 },
            "end": { "line": 123, "column": 22 }
          },
          {
            "start": { "line": 123, "column": 26 },
            "end": { "line": 123, "column": 48 }
          },
          {
            "start": { "line": 123, "column": 52 },
            "end": { "line": 123, "column": 80 }
          }
        ]
      },
      "6": {
        "loc": {
          "start": { "line": 131, "column": 6 },
          "end": { "line": 134, "column": 7 }
        },
        "type": "if",
        "locations": [
          {
            "start": { "line": 131, "column": 6 },
            "end": { "line": 134, "column": 7 }
          }
        ]
      },
      "7": {
        "loc": {
          "start": { "line": 133, "column": 24 },
          "end": { "line": 133, "column": 74 }
        },
        "type": "binary-expr",
        "locations": [
          {
            "start": { "line": 133, "column": 24 },
            "end": { "line": 133, "column": 37 }
          },
          {
            "start": { "line": 133, "column": 41 },
            "end": { "line": 133, "column": 74 }
          }
        ]
      },
      "8": {
        "loc": {
          "start": { "line": 142, "column": 4 },
          "end": { "line": 149, "column": 5 }
        },
        "type": "if",
        "locations": [
          {
            "start": { "line": 142, "column": 4 },
            "end": { "line": 149, "column": 5 }
          }
        ]
      },
      "9": {
        "loc": {
          "start": { "line": 159, "column": 11 },
          "end": { "line": 159, "column": 56 }
        },
        "type": "binary-expr",
        "locations": [
          {
            "start": { "line": 159, "column": 11 },
            "end": { "line": 159, "column": 25 }
          },
          {
            "start": { "line": 159, "column": 29 },
            "end": { "line": 159, "column": 56 }
          }
        ]
      },
      "10": {
        "loc": {
          "start": { "line": 163, "column": 11 },
          "end": { "line": 163, "column": 51 }
        },
        "type": "binary-expr",
        "locations": [
          {
            "start": { "line": 163, "column": 11 },
            "end": { "line": 163, "column": 43 }
          },
          {
            "start": { "line": 163, "column": 47 },
            "end": { "line": 163, "column": 51 }
          }
        ]
      },
      "11": {
        "loc": {
          "start": { "line": 173, "column": 13 },
          "end": { "line": 173, "column": 66 }
        },
        "type": "cond-expr",
        "locations": [
          {
            "start": { "line": 173, "column": 27 },
            "end": { "line": 173, "column": 59 }
          },
          {
            "start": { "line": 173, "column": 62 },
            "end": { "line": 173, "column": 66 }
          }
        ]
      },
      "12": {
        "loc": {
          "start": { "line": 180, "column": 4 },
          "end": { "line": 182, "column": 5 }
        },
        "type": "if",
        "locations": [
          {
            "start": { "line": 180, "column": 4 },
            "end": { "line": 182, "column": 5 }
          }
        ]
      }
    },
    "s": {
      "0": 2,
      "1": 4,
      "2": 4,
      "3": 3,
      "4": 3,
      "5": 2,
      "6": 1,
      "7": 1,
      "8": 1,
      "9": 3,
      "10": 2,
      "11": 2,
      "12": 1,
      "13": 1,
      "14": 4,
      "15": 4,
      "16": 3,
      "17": 3,
      "18": 2,
      "19": 1,
      "20": 1,
      "21": 1,
      "22": 3,
      "23": 2,
      "24": 2,
      "25": 1,
      "26": 1,
      "27": 3,
      "28": 3,
      "29": 2,
      "30": 2,
      "31": 1,
      "32": 1,
      "33": 1,
      "34": 2,
      "35": 3,
      "36": 3,
      "37": 6,
      "38": 2,
      "39": 0,
      "40": 0,
      "41": 0,
      "42": 0,
      "43": 9,
      "44": 1,
      "45": 2
    },
    "f": {
      "0": 4,
      "1": 4,
      "2": 3,
      "3": 2,
      "4": 3,
      "5": 6,
      "6": 2,
      "7": 0,
      "8": 9
    },
    "b": {
      "0": [2],
      "1": [3, 3, 1],
      "2": [2],
      "3": [2, 0],
      "4": [2],
      "5": [3, 2, 2],
      "6": [2],
      "7": [2, 0],
      "8": [2],
      "9": [3, 0],
      "10": [6, 4],
      "11": [0, 0],
      "12": [1]
    }
  }
}
