TN:
SF:src\components\Footer.tsx
FN:20,(anonymous_0)
FNF:1
FNH:1
FNDA:50,(anonymous_0)
DA:18,1
DA:20,1
DA:21,50
DA:177,1
LF:4
LH:4
BRF:0
BRH:0
end_of_record
TN:
SF:src\components\Navbar.tsx
FN:66,(anonymous_1)
FN:75,(anonymous_2)
FN:80,(anonymous_3)
FN:90,(anonymous_4)
FN:97,(anonymous_5)
FN:101,(anonymous_6)
FNF:6
FNH:6
FNDA:78,(anonymous_1)
FNDA:1,(anonymous_2)
FNDA:2,(anonymous_3)
FNDA:1,(anonymous_4)
FNDA:20,(anonymous_5)
FNDA:20,(anonymous_6)
DA:62,2
DA:63,2
DA:64,2
DA:66,2
DA:67,78
DA:68,78
DA:69,78
DA:72,78
DA:75,78
DA:76,1
DA:80,78
DA:81,2
DA:82,1
DA:83,1
DA:85,1
DA:90,78
DA:91,1
DA:92,1
DA:93,1
DA:97,78
DA:98,20
DA:99,20
DA:101,20
DA:102,20
DA:106,78
DA:212,2
LF:26
LH:26
BRDA:81,0,0,1
BRDA:81,0,1,1
BRDA:121,1,0,10
BRDA:121,1,1,68
BRDA:125,2,0,1
BRDA:125,2,1,9
BRDA:125,3,0,10
BRDA:125,3,1,9
BRDA:161,4,0,78
BRDA:161,4,1,2
BRDA:161,4,2,2
BRDA:167,5,0,0
BRDA:167,5,1,2
BRDA:172,6,0,0
BRDA:172,6,1,0
BRDA:172,7,0,0
BRDA:172,7,1,0
BRF:17
BRH:12
end_of_record
TN:
SF:src\pages\Register.tsx
FN:25,(anonymous_8)
FN:35,(anonymous_9)
FN:45,(anonymous_10)
FN:50,(anonymous_11)
FN:77,(anonymous_12)
FN:77,(anonymous_13)
FNF:6
FNH:6
FNDA:50,(anonymous_8)
FNDA:1,(anonymous_9)
FNDA:31,(anonymous_10)
FNDA:8,(anonymous_11)
FNDA:8,(anonymous_12)
FNDA:8,(anonymous_13)
DA:19,1
DA:20,1
DA:21,1
DA:22,1
DA:23,1
DA:25,1
DA:26,50
DA:27,50
DA:33,50
DA:35,50
DA:36,1
DA:37,1
DA:38,1
DA:39,1
DA:40,1
DA:45,50
DA:46,31
DA:47,31
DA:50,50
DA:51,8
DA:52,8
DA:58,2
DA:59,2
DA:61,6
DA:62,6
DA:63,0
DA:64,0
DA:66,6
DA:67,1
DA:68,1
DA:70,5
DA:71,1
DA:72,1
DA:74,4
DA:77,50
DA:78,8
DA:79,8
DA:81,4
DA:82,4
DA:83,4
DA:85,2
DA:86,1
DA:87,1
DA:89,1
DA:94,2
DA:95,1
DA:97,1
DA:102,50
DA:201,1
LF:49
LH:47
BRDA:37,0,0,1
BRDA:39,1,0,1
BRDA:52,2,0,2
BRDA:53,3,0,8
BRDA:53,3,1,6
BRDA:53,3,2,6
BRDA:53,3,3,6
BRDA:62,4,0,0
BRDA:66,5,0,1
BRDA:70,6,0,1
BRDA:79,7,0,4
BRDA:85,8,0,1
BRDA:85,8,1,1
BRDA:90,9,0,1
BRDA:90,9,1,1
BRDA:94,10,0,1
BRDA:94,10,1,1
BRDA:95,11,0,1
BRDA:95,11,1,0
BRDA:183,12,0,50
BRDA:183,12,1,8
BRF:21
BRH:19
end_of_record
TN:
SF:src\services\authService.ts
FN:42,(anonymous_7)
FN:94,(anonymous_9)
FN:140,(anonymous_11)
FN:153,(anonymous_12)
FN:157,(anonymous_13)
FN:162,(anonymous_14)
FN:166,(anonymous_15)
FN:170,(anonymous_16)
FN:179,(anonymous_17)
FNF:9
FNH:8
FNDA:4,(anonymous_7)
FNDA:4,(anonymous_9)
FNDA:3,(anonymous_11)
FNDA:2,(anonymous_12)
FNDA:3,(anonymous_13)
FNDA:6,(anonymous_14)
FNDA:2,(anonymous_15)
FNDA:0,(anonymous_16)
FNDA:9,(anonymous_17)
DA:24,2
DA:47,4
DA:49,4
DA:71,3
DA:74,3
DA:75,2
DA:78,1
DA:79,1
DA:80,1
DA:82,3
DA:83,2
DA:84,2
DA:88,1
DA:89,1
DA:98,4
DA:99,4
DA:121,3
DA:123,3
DA:124,2
DA:127,1
DA:128,1
DA:129,1
DA:131,3
DA:132,2
DA:133,2
DA:135,1
DA:136,1
DA:141,3
DA:142,3
DA:143,2
DA:144,2
DA:146,1
DA:147,1
DA:150,1
DA:154,2
DA:158,3
DA:159,3
DA:163,6
DA:167,2
DA:171,0
DA:172,0
DA:173,0
DA:175,0
DA:180,9
DA:181,1
DA:186,2
LF:46
LH:42
BRDA:74,0,0,2
BRDA:74,1,0,3
BRDA:74,1,1,3
BRDA:74,1,2,1
BRDA:82,2,0,2
BRDA:85,3,0,2
BRDA:85,3,1,0
BRDA:123,4,0,2
BRDA:123,5,0,3
BRDA:123,5,1,2
BRDA:123,5,2,2
BRDA:131,6,0,2
BRDA:133,7,0,2
BRDA:133,7,1,0
BRDA:142,8,0,2
BRDA:159,9,0,3
BRDA:159,9,1,0
BRDA:163,10,0,6
BRDA:163,10,1,4
BRDA:173,11,0,0
BRDA:173,11,1,0
BRDA:180,12,0,1
BRF:22
BRH:17
end_of_record
