TN:
SF:src\components\Footer.tsx
FN:20,(anonymous_0)
FNF:1
FNH:1
FNDA:44,(anonymous_0)
DA:18,1
DA:20,1
DA:21,44
DA:177,1
LF:4
LH:4
BRF:0
BRH:0
end_of_record
TN:
SF:src\components\Navbar.tsx
FN:66,(anonymous_1)
FN:75,(anonymous_2)
FN:80,(anonymous_3)
FN:90,(anonymous_4)
FN:97,(anonymous_5)
FN:101,(anonymous_6)
FNF:6
FNH:6
FNDA:71,(anonymous_1)
FNDA:1,(anonymous_2)
FNDA:2,(anonymous_3)
FNDA:1,(anonymous_4)
FNDA:19,(anonymous_5)
FNDA:19,(anonymous_6)
DA:62,2
DA:63,2
DA:64,2
DA:66,2
DA:67,71
DA:68,71
DA:69,71
DA:72,71
DA:75,71
DA:76,1
DA:80,71
DA:81,2
DA:82,1
DA:83,1
DA:85,1
DA:90,71
DA:91,1
DA:92,1
DA:93,1
DA:97,71
DA:98,19
DA:99,19
DA:101,19
DA:102,19
DA:106,71
DA:212,2
LF:26
LH:26
BRDA:81,0,0,1
BRDA:81,0,1,1
BRDA:121,1,0,10
BRDA:121,1,1,61
BRDA:125,2,0,1
BRDA:125,2,1,9
BRDA:125,3,0,10
BRDA:125,3,1,9
BRDA:161,4,0,71
BRDA:161,4,1,2
BRDA:161,4,2,2
BRDA:167,5,0,0
BRDA:167,5,1,2
BRDA:172,6,0,0
BRDA:172,6,1,0
BRDA:172,7,0,0
BRDA:172,7,1,0
BRF:17
BRH:12
end_of_record
TN:
SF:src\pages\Register.tsx
FN:25,(anonymous_8)
FN:35,(anonymous_9)
FN:45,(anonymous_10)
FN:50,(anonymous_11)
FN:72,(anonymous_12)
FN:72,(anonymous_13)
FNF:6
FNH:6
FNDA:44,(anonymous_8)
FNDA:1,(anonymous_9)
FNDA:27,(anonymous_10)
FNDA:7,(anonymous_11)
FNDA:7,(anonymous_12)
FNDA:7,(anonymous_13)
DA:19,1
DA:20,1
DA:21,1
DA:22,1
DA:23,1
DA:25,1
DA:26,44
DA:27,44
DA:33,44
DA:35,44
DA:36,1
DA:37,1
DA:38,1
DA:39,1
DA:40,1
DA:45,44
DA:46,27
DA:47,27
DA:50,44
DA:51,7
DA:52,7
DA:53,2
DA:54,2
DA:56,5
DA:57,5
DA:58,0
DA:59,0
DA:61,5
DA:62,1
DA:63,1
DA:65,4
DA:66,1
DA:67,1
DA:69,3
DA:72,44
DA:73,7
DA:74,7
DA:76,3
DA:77,3
DA:78,3
DA:80,2
DA:81,1
DA:82,1
DA:84,1
DA:87,1
DA:91,44
DA:184,1
LF:47
LH:45
BRDA:37,0,0,1
BRDA:39,1,0,1
BRDA:52,2,0,2
BRDA:52,3,0,7
BRDA:52,3,1,5
BRDA:52,3,2,5
BRDA:52,3,3,5
BRDA:57,4,0,0
BRDA:61,5,0,1
BRDA:65,6,0,1
BRDA:74,7,0,4
BRDA:80,8,0,1
BRDA:80,8,1,1
BRDA:84,9,0,1
BRDA:84,9,1,1
BRDA:166,10,0,44
BRDA:166,10,1,7
BRF:17
BRH:16
end_of_record
TN:
SF:src\services\authService.ts
FN:42,(anonymous_7)
FN:92,(anonymous_9)
FN:133,(anonymous_11)
FN:146,(anonymous_12)
FN:150,(anonymous_13)
FN:155,(anonymous_14)
FN:159,(anonymous_15)
FN:163,(anonymous_16)
FN:172,(anonymous_17)
FNF:9
FNH:8
FNDA:4,(anonymous_7)
FNDA:4,(anonymous_9)
FNDA:3,(anonymous_11)
FNDA:2,(anonymous_12)
FNDA:3,(anonymous_13)
FNDA:6,(anonymous_14)
FNDA:3,(anonymous_15)
FNDA:0,(anonymous_16)
FNDA:8,(anonymous_17)
DA:24,2
DA:47,4
DA:49,4
DA:71,3
DA:73,3
DA:74,1
DA:77,2
DA:78,1
DA:79,1
DA:81,3
DA:82,2
DA:83,2
DA:87,1
DA:88,1
DA:96,4
DA:97,4
DA:114,3
DA:116,3
DA:117,1
DA:120,2
DA:121,2
DA:122,2
DA:124,2
DA:125,1
DA:126,1
DA:128,1
DA:129,1
DA:134,3
DA:135,3
DA:136,2
DA:137,2
DA:139,1
DA:140,1
DA:143,1
DA:147,2
DA:151,3
DA:152,3
DA:156,6
DA:160,3
DA:164,0
DA:165,0
DA:166,0
DA:168,0
DA:173,8
DA:174,1
DA:179,2
LF:46
LH:42
BRDA:73,0,0,1
BRDA:74,1,0,1
BRDA:74,1,1,0
BRDA:81,2,0,2
BRDA:84,3,0,2
BRDA:84,3,1,0
BRDA:116,4,0,1
BRDA:117,5,0,1
BRDA:117,5,1,0
BRDA:124,6,0,1
BRDA:126,7,0,1
BRDA:126,7,1,0
BRDA:135,8,0,2
BRDA:152,9,0,3
BRDA:152,9,1,0
BRDA:156,10,0,6
BRDA:156,10,1,4
BRDA:166,11,0,0
BRDA:166,11,1,0
BRDA:173,12,0,1
BRF:20
BRH:13
end_of_record
